2022-03-06 17:57:08,465 [main] INFO  com.yunqi.EmailUtilTest - Starting EmailUtilTest using Java 11.0.11 on MS-FTAXWMTPMCGU with PID 21700 (started by Administrator in D:\SuBoot\su-admin)
2022-03-06 17:57:08,466 [main] INFO  com.yunqi.EmailUtilTest - No active profile set, falling back to default profiles: default
2022-03-06 17:57:09,268 [main] INFO  o.s.d.r.config.RepositoryConfigurationDelegate - Bootstrapping Spring Data JDBC repositories in DEFAULT mode.
2022-03-06 17:57:09,291 [main] INFO  o.s.d.r.config.RepositoryConfigurationDelegate - Finished Spring Data repository scanning in 19 ms. Found 0 JDBC repository interfaces.
2022-03-06 17:57:09,531 [main] INFO  c.u.j.c.EnableEncryptablePropertiesBeanFactoryPostProcessor - Post-processing PropertySource instances
2022-03-06 17:57:09,532 [main] INFO  c.u.j.EncryptablePropertySourceConverter - Skipping PropertySource configurationProperties [class org.springframework.boot.context.properties.source.ConfigurationPropertySourcesPropertySource
2022-03-06 17:57:09,534 [main] INFO  c.u.j.EncryptablePropertySourceConverter - Converting PropertySource test [org.springframework.core.env.MapPropertySource] to EncryptableMapPropertySourceWrapper
2022-03-06 17:57:09,534 [main] INFO  c.u.j.EncryptablePropertySourceConverter - Converting PropertySource Inlined Test Properties [org.springframework.core.env.MapPropertySource] to EncryptableMapPropertySourceWrapper
2022-03-06 17:57:09,535 [main] INFO  c.u.j.EncryptablePropertySourceConverter - Skipping PropertySource servletConfigInitParams [class org.springframework.core.env.PropertySource$StubPropertySource
2022-03-06 17:57:09,535 [main] INFO  c.u.j.EncryptablePropertySourceConverter - Converting PropertySource servletContextInitParams [org.springframework.web.context.support.ServletContextPropertySource] to EncryptableEnumerablePropertySourceWrapper
2022-03-06 17:57:09,535 [main] INFO  c.u.j.EncryptablePropertySourceConverter - Converting PropertySource systemProperties [org.springframework.core.env.PropertiesPropertySource] to EncryptableMapPropertySourceWrapper
2022-03-06 17:57:09,535 [main] INFO  c.u.j.EncryptablePropertySourceConverter - Converting PropertySource systemEnvironment [org.springframework.boot.env.SystemEnvironmentPropertySourceEnvironmentPostProcessor$OriginAwareSystemEnvironmentPropertySource] to EncryptableSystemEnvironmentPropertySourceWrapper
2022-03-06 17:57:09,535 [main] INFO  c.u.j.EncryptablePropertySourceConverter - Converting PropertySource random [org.springframework.boot.env.RandomValuePropertySource] to EncryptablePropertySourceWrapper
2022-03-06 17:57:09,535 [main] INFO  c.u.j.EncryptablePropertySourceConverter - Converting PropertySource Config resource 'class path resource [application.yml]' via location 'optional:classpath:/' [org.springframework.boot.env.OriginTrackedMapPropertySource] to EncryptableMapPropertySourceWrapper
2022-03-06 17:57:10,181 [main] INFO  c.u.j.filter.DefaultLazyPropertyFilter - Property Filter custom Bean not found with name 'encryptablePropertyFilter'. Initializing Default Property Filter
2022-03-06 17:57:10,194 [main] INFO  c.u.j.resolver.DefaultLazyPropertyResolver - Property Resolver custom Bean not found with name 'encryptablePropertyResolver'. Initializing Default Property Resolver
2022-03-06 17:57:10,197 [main] INFO  c.u.j.detector.DefaultLazyPropertyDetector - Property Detector custom Bean not found with name 'encryptablePropertyDetector'. Initializing Default Property Detector
2022-03-06 17:57:10,264 [main] INFO  c.u.j.encryptor.DefaultLazyEncryptor - Found Custom Encryptor Bean org.jasypt.encryption.pbe.PooledPBEStringEncryptor@7e191fda with name: jasyptStringEncryptor
2022-03-06 17:57:10,593 [main] INFO  org.nutz.dao.jdbc.Jdbcs - Get Connection from DataSource for JdbcExpert, if you lock at here, check your database server and configure
2022-03-06 17:57:10,989 [main] INFO  com.alibaba.druid.pool.DruidDataSource - {dataSource-1} inited
2022-03-06 17:57:11,586 [main] INFO  org.quartz.impl.StdSchedulerFactory - Using default implementation for ThreadExecutor
2022-03-06 17:57:11,590 [main] INFO  org.quartz.simpl.SimpleThreadPool - Job execution threads will use class loader of thread: main
2022-03-06 17:57:11,622 [main] INFO  org.quartz.core.SchedulerSignalerImpl - Initialized Scheduler Signaller of type: class org.quartz.core.SchedulerSignalerImpl
2022-03-06 17:57:11,622 [main] INFO  org.quartz.core.QuartzScheduler - Quartz Scheduler v.2.3.2 created.
2022-03-06 17:57:11,638 [main] INFO  o.s.scheduling.quartz.LocalDataSourceJobStore - Using db table-based data access locking (synchronization).
2022-03-06 17:57:11,641 [main] INFO  o.s.scheduling.quartz.LocalDataSourceJobStore - JobStoreCMT initialized.
2022-03-06 17:57:11,642 [main] INFO  org.quartz.core.QuartzScheduler - Scheduler meta-data: Quartz Scheduler (v2.3.2) 'QuartzScheduler' with instanceId 'MS-FTAXWMTPMCGU1646560631589'
  Scheduler class: 'org.quartz.core.QuartzScheduler' - running locally.
  NOT STARTED.
  Currently in standby mode.
  Number of jobs executed: 0
  Using thread pool 'org.quartz.simpl.SimpleThreadPool' - with 20 threads.
  Using job-store 'org.springframework.scheduling.quartz.LocalDataSourceJobStore' - which supports persistence. and is clustered.

2022-03-06 17:57:11,642 [main] INFO  org.quartz.impl.StdSchedulerFactory - Quartz scheduler 'QuartzScheduler' initialized from an externally provided properties instance.
2022-03-06 17:57:11,642 [main] INFO  org.quartz.impl.StdSchedulerFactory - Quartz scheduler version: 2.3.2
2022-03-06 17:57:11,642 [main] INFO  org.quartz.core.QuartzScheduler - JobFactory set to: com.yunqi.starter.quartz.configuration.AutowiringSpringBeanJobFactory@53525379
2022-03-06 17:57:12,101 [main] INFO  org.eclipse.jetty.util.log - Logging initialized @5397ms to org.eclipse.jetty.util.log.Slf4jLog
2022-03-06 17:57:12,313 [main] INFO  o.s.b.f.a.AutowiredAnnotationBeanPostProcessor - Autowired annotation should only be used on methods with parameters: public void com.yunqi.starter.security.configuration.SecurityAutoConfiguration.rewriteSaStrategy()
2022-03-06 17:57:13,151 [main] INFO  org.nutz.filepool.NutFilePool - Init file-pool by: .temp [0]
2022-03-06 17:57:13,153 [main] INFO  org.nutz.filepool.NutFilePool - file-pool.cursor: 0
2022-03-06 17:57:13,923 [main] INFO  o.s.scheduling.quartz.SchedulerFactoryBean - Starting Quartz Scheduler now
2022-03-06 17:57:14,132 [main] INFO  o.s.scheduling.quartz.LocalDataSourceJobStore - ClusterManager: detected 1 failed or restarted instances.
2022-03-06 17:57:14,132 [main] INFO  o.s.scheduling.quartz.LocalDataSourceJobStore - ClusterManager: Scanning for instance "MS-FTAXWMTPMCGU1646056569065"'s failed in-progress jobs.
2022-03-06 17:57:14,150 [main] INFO  org.quartz.core.QuartzScheduler - Scheduler QuartzScheduler_$_MS-FTAXWMTPMCGU1646560631589 started.
2022-03-06 17:57:14,167 [main] INFO  com.yunqi.EmailUtilTest - Started EmailUtilTest in 6.136 seconds (JVM running for 7.464)
2022-03-06 17:57:14,169 [main] INFO  com.yunqi.common.Initializer - Initialize system environment
2022-03-06 17:57:14,738 [SpringApplicationShutdownHook] INFO  org.quartz.core.QuartzScheduler - Scheduler QuartzScheduler_$_MS-FTAXWMTPMCGU1646560631589 paused.
2022-03-06 17:57:14,740 [SpringApplicationShutdownHook] INFO  o.s.scheduling.quartz.SchedulerFactoryBean - Shutting down Quartz Scheduler
2022-03-06 17:57:14,740 [SpringApplicationShutdownHook] INFO  org.quartz.core.QuartzScheduler - Scheduler QuartzScheduler_$_MS-FTAXWMTPMCGU1646560631589 shutting down.
2022-03-06 17:57:14,740 [SpringApplicationShutdownHook] INFO  org.quartz.core.QuartzScheduler - Scheduler QuartzScheduler_$_MS-FTAXWMTPMCGU1646560631589 paused.
2022-03-06 17:57:14,741 [SpringApplicationShutdownHook] INFO  org.quartz.core.QuartzScheduler - Scheduler QuartzScheduler_$_MS-FTAXWMTPMCGU1646560631589 shutdown complete.
2022-03-06 17:57:14,742 [SpringApplicationShutdownHook] INFO  com.alibaba.druid.pool.DruidDataSource - {dataSource-1} closing ...
2022-03-06 17:57:14,755 [SpringApplicationShutdownHook] INFO  com.alibaba.druid.pool.DruidDataSource - {dataSource-1} closed
